{"name": "test_example_BPM_web_page_creation", "status": "failed", "statusDetails": {"message": "AssertionError: Locator expected not to have text ''\nActual value:  \nCall log:\n  - Expect \"to_have_text\" with timeout 60000ms\n  - waiting for locator(\"#root\")\n    63 × locator resolved to <div id=\"root\"></div>\n       - unexpected value \"\"", "trace": "self = <tests.test_example.TestExample object at 0x00000177B72ABBD0>\npage = <Page url='https://bpholter.stage.bio-beat.cloud/login'>\nbase_url = 'https://bpholter.stage.bio-beat.cloud/login'\n\n    @pytest.mark.smoke\n    def test_example_BPM_web_page_creation(self, page: Page, base_url):\n        login_page = BPMLoginPage(page)\n        page.goto(base_url, wait_until=\"domcontentloaded\")\n>       expect(page.locator(\"#root\")).not_to_have_text(\"\", timeout=60000)\nE       AssertionError: Locator expected not to have text ''\nE       Actual value:  \nE       Call log:\nE         - Expect \"to_have_text\" with timeout 60000ms\nE         - waiting for locator(\"#root\")\nE           63 × locator resolved to <div id=\"root\"></div>\nE              - unexpected value \"\"\n\ntest_example.py:17: AssertionError"}, "attachments": [{"name": "log", "source": "c3b43536-75eb-406b-86d0-cf3cde404485-attachment.txt", "type": "text/plain"}], "start": 1769433126059, "stop": 1769433187581, "uuid": "3b86786c-aa9d-4dda-84bc-dbbd9630617f", "historyId": "55bb332e130523fe11c72af8124747aa", "testCaseId": "55bb332e130523fe11c72af8124747aa", "fullName": "tests.test_example.TestExample#test_example_BPM_web_page_creation", "labels": [{"name": "tag", "value": "smoke"}, {"name": "parentSuite", "value": "tests"}, {"name": "suite", "value": "test_example"}, {"name": "subSuite", "value": "TestExample"}, {"name": "host", "value": "Pini"}, {"name": "thread", "value": "27520-MainThread"}, {"name": "framework", "value": "pytest"}, {"name": "language", "value": "cpython3"}, {"name": "package", "value": "tests.test_example"}]}