{"name": "test_order_tiles_fix_20x20_and_30x30_with_add_quantity", "status": "broken", "statusDetails": {"message": "Exception: Coupon error: הקופון שהקלדת לא קיים, כדאי לבדוק שהאותיות והמספרים מדויקים", "trace": "self = <Payment_V4.Logic.Test_Orders.test_order_tiles.TestTilesFix20_30 object at 0x00000274838BF140>\npage = <Page url='https://paymentsv4-ui.lupa.co/summary?source_type=tiles&token=PFKEcRIKrw_c5z4ZU7mdE7Za0BB3oCrj7HKluDxZuGZK2...LFpJyMy4ScQ9lDACM2raQl8uVbhMM-j0SVArzQylzHNyesPlOUxo_2dwAP_0k6S_Sh-AjAJ2BLUtFvy9fbETZ9RO6KDlM-oKoU6qHdtCTZB9Ts-34JeQ2'>\n\n    def test_order_tiles_fix_20x20_and_30x30_with_add_quantity(self, page):\n        AddTiles().request_tiles(page, \"tiles20X20\")\n        Generalfunction(page).navigate(\"payment_url_tiles\")\n        BasketItems(page).update_item_quantity(item_index=1, button=\"+\", times=4)\n        BasketItems(page).valid_element_click_next()\n        Shipping(page).asafta()\n        PersonalDetails(page).filler_detail()\n>       Summary(page).add_coupon(\"MAMIFAMILY2.25\")\n\ntest_order_tiles.py:239: \n_ _ _ _ _ _ _ _ _ _ _ _ _ _ _ _ _ _ _ _ _ _ _ _ _ _ _ _ _ _ _ _ _ _ _ _ _ _ _ _\n\nself = <Payment_V4.Payment_site.Pages.D_summary.Summary object at 0x000002748654F740>\ncoupon_name = 'MAMIFAMILY2.25'\n\n    def add_coupon(self, coupon_name):\n        if coupon_name is None:\n            return self\n        coupon_fill = get_coupon(coupon_name)\n        print(f\"Coupon fill={coupon_fill}\")\n        self.page.fill(self.coupon_field, coupon_fill)\n        self.page.click(self.coupon_confirm, force=True)\n        self.page.locator(self.loader).wait_for(state=\"detached\")\n        try:\n            self.page.get_by_role(\"button\", name=\"הבנתי\").click(timeout=500)\n        except Exception: pass\n        try:\n            check = self.page.locator(self.coupon_error).inner_text(timeout=500)\n            if check:\n>               raise Exception(f\"Coupon error: {check}\")\nE               Exception: Coupon error: הקופון שהקלדת לא קיים, כדאי לבדוק שהאותיות והמספרים מדויקים\n\n..\\..\\Payment_site\\Pages\\D_summary.py:51: Exception"}, "attachments": [{"name": "log", "source": "565fc283-aae7-42b2-a390-06450bc525e9-attachment.txt", "type": "text/plain"}, {"name": "stdout", "source": "40d12d6b-9a83-4fcc-bb67-8414aa0f949f-attachment.txt", "type": "text/plain"}], "start": 1739431935206, "stop": 1739431967963, "uuid": "1bb46a4a-0062-4e96-8d68-7625105e40fb", "historyId": "710dfe72f00317f84e0e946d223bbe26", "testCaseId": "710dfe72f00317f84e0e946d223bbe26", "fullName": "Payment_V4.Logic.Test_Orders.test_order_tiles.TestTilesFix20_30#test_order_tiles_fix_20x20_and_30x30_with_add_quantity", "labels": [{"name": "parentSuite", "value": "Payment_V4.Logic.Test_Orders"}, {"name": "suite", "value": "test_order_tiles"}, {"name": "subSuite", "value": "TestTilesFix20_30"}, {"name": "host", "value": "lupa94"}, {"name": "thread", "value": "19188-MainThread"}, {"name": "framework", "value": "pytest"}, {"name": "language", "value": "cpython3"}, {"name": "package", "value": "Payment_V4.Logic.Test_Orders.test_order_tiles"}]}