{"name": "test_order_app_isof[Album-isof-Fix-Code]", "status": "broken", "statusDetails": {"message": "Exception: Coupon error: הקופון שהקלדת לא קיים, כדאי לבדוק שהאותיות והמספרים מדויקים", "trace": "self = <Payment_V4.Logic.Test_Orders.test_order_app.TestAppCouponIsof object at 0x000001A9C53C7DA0>\npage = <Page url='https://paymentsv4-ui.lupa.co/summary?source_type=books&token=PFKEcRIKrw_c5z4ZU7mdE7Za0BB3oCrj7HKluDxZuGZK2...LFpJyMy4ScQ9lDACM2raQl8uVbhMM-j0SVArzQylzHNyesPlOUxo_2dwAP_0k6S_Sh-AjAJ2BLUtFvy9fbETZ9RO6KDlM-oKoU6qHdtCTZB9Ts-34JeQ2'>\ncoupon_code = 'Album-isof-Fix-Code'\n\n    @pytest.mark.parametrize(\"coupon_code\", coupon_albums_isof)\n    def test_order_app_isof(self, page, coupon_code):\n        AddBookV3().requestV3(page, \"פורמט_6_קלאסי_פלוס_הולנדי\")\n        Generalfunction(page).navigate(\"payment_url_books\")\n        BasketItems(page).valid_element_click_next()\n        Shipping(page).asafta()\n        PersonalDetails(page).filler_detail()\n>       Summary(page).add_coupon(coupon_code).checkouts()\n\ntest_order_app.py:84: \n_ _ _ _ _ _ _ _ _ _ _ _ _ _ _ _ _ _ _ _ _ _ _ _ _ _ _ _ _ _ _ _ _ _ _ _ _ _ _ _\n\nself = <Payment_V4.Payment_site.Pages.D_summary.Summary object at 0x000001A9C6065B20>\ncoupon_name = 'Album-isof-Fix-Code'\n\n    def add_coupon(self, coupon_name):\n        if coupon_name is None:\n            return self\n        coupon_fill = get_coupon(coupon_name)\n        print(f\"Coupon fill={coupon_fill}\")\n        self.page.fill(self.coupon_field, coupon_fill)\n        self.page.click(self.coupon_confirm)\n        self.page.locator(self.loader).wait_for(state=\"detached\")\n        try:\n            self.page.get_by_role(\"button\", name=\"הבנתי\").click(timeout=500)\n        except Exception: pass\n        try:\n            check = self.page.locator(self.coupon_error).inner_text(timeout=500)\n            if check:\n>               raise Exception(f\"Coupon error: {check}\")\nE               Exception: Coupon error: הקופון שהקלדת לא קיים, כדאי לבדוק שהאותיות והמספרים מדויקים\n\n..\\..\\Payment_site\\Pages\\D_summary.py:51: Exception"}, "attachments": [{"name": "log", "source": "e1cbb158-7826-4e36-8275-e4767273abf5-attachment.txt", "type": "text/plain"}, {"name": "stdout", "source": "5babc74c-68c7-4f6a-84c3-efc91c34d6b5-attachment.txt", "type": "text/plain"}], "parameters": [{"name": "coupon_code", "value": "'Album-isof-Fix-Code'"}], "start": 1739383319261, "stop": 1739383335800, "uuid": "734f8737-5032-4000-849f-a14c508c823d", "historyId": "269ce010f0a6e4979284be49a377d43a", "testCaseId": "0eebe3c50f9026f1a6d936320808d5b3", "fullName": "Payment_V4.Logic.Test_Orders.test_order_app.TestAppCouponIsof#test_order_app_isof", "labels": [{"name": "parentSuite", "value": "Payment_V4.Logic.Test_Orders"}, {"name": "suite", "value": "test_order_app"}, {"name": "subSuite", "value": "TestAppCouponIsof"}, {"name": "host", "value": "lupa94"}, {"name": "thread", "value": "32196-MainThread"}, {"name": "framework", "value": "pytest"}, {"name": "language", "value": "cpython3"}, {"name": "package", "value": "Payment_V4.Logic.Test_Orders.test_order_app"}]}