{"name": "test_order_online_fix_price[AlbumFixCodeShip]", "status": "broken", "statusDetails": {"message": "Exception: Coupon error: הקופון שהקלדת לא קיים, כדאי לבדוק שהאותיות והמספרים מדויקים", "trace": "self = <Payment_V4.Logic.Test_Orders.test_order_online.TestOnlineCouponFix object at 0x0000016D6D6DE3C0>\npage = <Page url='https://paymentsv4-ui.lupa.co/summary?source_type=books&token=PFKEcRIKrw_c5z4ZU7mdE7Za0BB3oCrj7HKluDxZuGZK2...LFpJyMy4ScQ9lDACM2raQl8uVbhMM-j0SVArzQylzHNyesPlOUxo_2dwAP_0k6S_Sh-AjAJ2BLUtFvy9fbETZ9RO6KDlM-oKoU6qHdtCTZB9Ts-34JeQ2'>\ncoupon_code = 'AlbumFixCodeShip'\n\n    @pytest.mark.parametrize(\"coupon_code\", coupon_albums_fix)\n    def test_order_online_fix_price(self, page, coupon_code):\n        AddBookOnline().request_online(page, \"פורמט_35_ריבועי_גדול_קשה\")\n        Generalfunction(page).navigate(\"payment_url_books\")\n        BasketItems(page).valid_element_click_next()\n        Shipping(page).asafta()\n        PersonalDetails(page).filler_detail()\n>       Summary(page).add_coupon(coupon_code).checkouts()\n\ntest_order_online.py:122: \n_ _ _ _ _ _ _ _ _ _ _ _ _ _ _ _ _ _ _ _ _ _ _ _ _ _ _ _ _ _ _ _ _ _ _ _ _ _ _ _\n\nself = <Payment_V4.Payment_site.Pages.D_summary.Summary object at 0x0000016D6D59F0E0>\ncoupon_name = 'AlbumFixCodeShip'\n\n    def add_coupon(self, coupon_name):\n        if coupon_name is None:\n            return self\n        coupon_fill = get_coupon(coupon_name)\n        print(f\"Coupon fill={coupon_fill}\")\n        self.page.fill(self.coupon_field, coupon_fill)\n        self.page.click(self.coupon_confirm)\n        self.page.locator(self.loader).wait_for(state=\"detached\")\n        try:\n            self.page.get_by_role(\"button\", name=\"הבנתי\").click(timeout=500)\n        except Exception: pass\n        try:\n            check = self.page.locator(self.coupon_error).inner_text(timeout=500)\n            if check:\n>               raise Exception(f\"Coupon error: {check}\")\nE               Exception: Coupon error: הקופון שהקלדת לא קיים, כדאי לבדוק שהאותיות והמספרים מדויקים\n\n..\\..\\Payment_site\\Pages\\D_summary.py:51: Exception"}, "attachments": [{"name": "log", "source": "c3d2be33-43d4-4b4d-adf8-3885f3887918-attachment.txt", "type": "text/plain"}, {"name": "stdout", "source": "c996b95f-fc1c-466c-9cd1-f65209ec6170-attachment.txt", "type": "text/plain"}], "parameters": [{"name": "coupon_code", "value": "'AlbumFixCodeShip'"}], "start": 1739383395188, "stop": 1739383410893, "uuid": "e050061f-6a2c-4b1c-9d79-9cf6aab2a91a", "historyId": "59a4ceb752c311cddb4391a2c1f3f33f", "testCaseId": "e52046ee1fc1e99366229a31e1eca92a", "fullName": "Payment_V4.Logic.Test_Orders.test_order_online.TestOnlineCouponFix#test_order_online_fix_price", "labels": [{"name": "parentSuite", "value": "Payment_V4.Logic.Test_Orders"}, {"name": "suite", "value": "test_order_online"}, {"name": "subSuite", "value": "TestOnlineCouponFix"}, {"name": "host", "value": "lupa94"}, {"name": "thread", "value": "3956-MainThread"}, {"name": "framework", "value": "pytest"}, {"name": "language", "value": "cpython3"}, {"name": "package", "value": "Payment_V4.Logic.Test_Orders.test_order_online"}]}