{"name": "test_order_online_pay_40_pages[PayFor40_Code]", "status": "broken", "statusDetails": {"message": "Exception: Coupon error: הקופון שהקלדת לא קיים, כדאי לבדוק שהאותיות והמספרים מדויקים", "trace": "self = <Payment_V4.Logic.Test_Orders.test_order_online.TestOnlineCouponPay40 object at 0x0000021574058560>\npage = <Page url='https://paymentsv4-ui.lupa.co/summary?source_type=books&token=PFKEcRIKrw_c5z4ZU7mdE7Za0BB3oCrj7HKluDxZuGZK2...LFpJyMy4ScQ9lDACM2raQl8uVbhMM-j0SVArzQylzHNyesPlOUxo_2dwAP_0k6S_Sh-AjAJ2BLUtFvy9fbETZ9RO6KDlM-oKoU6qHdtCTZB9Ts-34JeQ2'>\ncoupon_code = 'PayFor40_Code'\n\n    @pytest.mark.parametrize(\"coupon_code\", coupon_pay_for_40)\n    def test_order_online_pay_40_pages(self, page, coupon_code):\n        AddBookOnline().request_online(page, \"אלבום_לבדיקת_144_עמודים\")\n        Generalfunction(page).navigate(\"payment_url_books\")\n        BasketItems(page).valid_element_click_next()\n        Shipping(page).asafta()\n        PersonalDetails(page).filler_detail()\n>       Summary(page).add_coupon(coupon_code).checkouts()\n\ntest_order_online.py:171: \n_ _ _ _ _ _ _ _ _ _ _ _ _ _ _ _ _ _ _ _ _ _ _ _ _ _ _ _ _ _ _ _ _ _ _ _ _ _ _ _\n\nself = <Payment_V4.Payment_site.Pages.D_summary.Summary object at 0x0000021574E187D0>\ncoupon_name = 'PayFor40_Code'\n\n    def add_coupon(self, coupon_name):\n        if coupon_name is None:\n            return self\n        coupon_fill = get_coupon(coupon_name)\n        print(f\"Coupon fill={coupon_fill}\")\n        self.page.fill(self.coupon_field, coupon_fill)\n        self.page.click(self.coupon_confirm)\n        self.page.locator(self.loader).wait_for(state=\"detached\")\n        try:\n            self.page.get_by_role(\"button\", name=\"הבנתי\").click(timeout=500)\n        except Exception: pass\n        try:\n            check = self.page.locator(self.coupon_error).inner_text(timeout=500)\n            if check:\n>               raise Exception(f\"Coupon error: {check}\")\nE               Exception: Coupon error: הקופון שהקלדת לא קיים, כדאי לבדוק שהאותיות והמספרים מדויקים\n\n..\\..\\Payment_site\\Pages\\D_summary.py:51: Exception"}, "attachments": [{"name": "log", "source": "475388a1-9141-4a21-908e-67f62378f21b-attachment.txt", "type": "text/plain"}, {"name": "stdout", "source": "5be97239-d6d1-4fec-a058-f186e412b4ad-attachment.txt", "type": "text/plain"}], "parameters": [{"name": "coupon_code", "value": "'PayFor40_Code'"}], "start": 1739383820221, "stop": 1739383840265, "uuid": "5baede60-4de4-46b2-bfb5-d99aa29608b6", "historyId": "a7082fc3b832d25d99d30761dd31f1d2", "testCaseId": "caae3618797ee9c2fcf47d36b319ece5", "fullName": "Payment_V4.Logic.Test_Orders.test_order_online.TestOnlineCouponPay40#test_order_online_pay_40_pages", "labels": [{"name": "parentSuite", "value": "Payment_V4.Logic.Test_Orders"}, {"name": "suite", "value": "test_order_online"}, {"name": "subSuite", "value": "TestOnlineCouponPay40"}, {"name": "host", "value": "lupa94"}, {"name": "thread", "value": "19364-MainThread"}, {"name": "framework", "value": "pytest"}, {"name": "language", "value": "cpython3"}, {"name": "package", "value": "Payment_V4.Logic.Test_Orders.test_order_online"}]}